<?xml version="1.0" encoding="UTF-8"?>
<testng-results skipped="0" failed="0" total="1" passed="1">
  <reporter-output>
  </reporter-output>
  <suite name="Default suite" duration-ms="71732" started-at="2020-01-23T13:35:37Z" finished-at="2020-01-23T13:36:49Z">
    <groups>
    </groups>
    <test name="Default test" duration-ms="71732" started-at="2020-01-23T13:35:37Z" finished-at="2020-01-23T13:36:49Z">
      <class name="com.salesforce.test.website.CreateObjectTest">
        <test-method status="PASS" signature="beforeSuite(java.lang.String)[pri:0, instance:com.salesforce.test.website.CreateObjectTest@15d0c81b]" name="beforeSuite" is-config="true" duration-ms="20" started-at="2020-01-23T19:05:37Z" finished-at="2020-01-23T19:05:37Z">
          <params>
            <param index="0">
              <value is-null="true"/>
            </param>
          </params>
          <reporter-output>
          </reporter-output>
        </test-method> <!-- beforeSuite -->
        <test-method status="PASS" signature="setUp()[pri:0, instance:com.salesforce.test.website.CreateObjectTest@15d0c81b]" name="setUp" is-config="true" duration-ms="28008" started-at="2020-01-23T19:05:37Z" finished-at="2020-01-23T19:06:05Z">
          <reporter-output>
          </reporter-output>
        </test-method> <!-- setUp -->
        <test-method status="PASS" signature="createAContactAndDeleteTest()[pri:0, instance:com.salesforce.test.website.CreateObjectTest@15d0c81b]" name="createAContactAndDeleteTest" duration-ms="42626" started-at="2020-01-23T19:06:05Z" finished-at="2020-01-23T19:06:48Z">
          <reporter-output>
          </reporter-output>
        </test-method> <!-- createAContactAndDeleteTest -->
        <test-method status="PASS" signature="tearDownSession()[pri:0, instance:com.salesforce.test.website.CreateObjectTest@15d0c81b]" name="tearDownSession" is-config="true" duration-ms="1086" started-at="2020-01-23T19:06:48Z" finished-at="2020-01-23T19:06:49Z">
          <reporter-output>
          </reporter-output>
        </test-method> <!-- tearDownSession -->
        <test-method status="PASS" signature="afterSuite()[pri:0, instance:com.salesforce.test.website.CreateObjectTest@15d0c81b]" name="afterSuite" is-config="true" duration-ms="358" started-at="2020-01-23T19:06:49Z" finished-at="2020-01-23T19:06:49Z">
          <reporter-output>
          </reporter-output>
        </test-method> <!-- afterSuite -->
      </class> <!-- com.salesforce.test.website.CreateObjectTest -->
    </test> <!-- Default test -->
  </suite> <!-- Default suite -->
</testng-results>
